Analysis & Elaboration report for finalProject
Fri Jan 07 15:12:52 2022
Quartus II 64-Bit Version 13.1.0 Build 162 10/23/2013 SJ Web Edition


---------------------
; Table of Contents ;
---------------------
  1. Legal Notice
  2. Analysis & Elaboration Summary
  3. Parallel Compilation
  4. Analysis & Elaboration Settings
  5. Analysis & Elaboration Messages
  6. Analysis & Elaboration Suppressed Messages



----------------
; Legal Notice ;
----------------
Copyright (C) 1991-2013 Altera Corporation
Your use of Altera Corporation's design tools, logic functions 
and other software and tools, and its AMPP partner logic 
functions, and any output files from any of the foregoing 
(including device programming or simulation files), and any 
associated documentation or information are expressly subject 
to the terms and conditions of the Altera Program License 
Subscription Agreement, Altera MegaCore Function License 
Agreement, or other applicable license agreement, including, 
without limitation, that your use is for the sole purpose of 
programming logic devices manufactured by Altera and sold by 
Altera or its authorized distributors.  Please refer to the 
applicable agreement for further details.



+---------------------------------------------------------------------------------+
; Analysis & Elaboration Summary                                                  ;
+------------------------------------+--------------------------------------------+
; Analysis & Elaboration Status      ; Successful - Fri Jan 07 15:12:52 2022      ;
; Quartus II 64-Bit Version          ; 13.1.0 Build 162 10/23/2013 SJ Web Edition ;
; Revision Name                      ; finalProject                               ;
; Top-level Entity Name              ; control                                    ;
; Family                             ; Cyclone III                                ;
; Total logic elements               ; N/A until Partition Merge                  ;
;     Total combinational functions  ; N/A until Partition Merge                  ;
;     Dedicated logic registers      ; N/A until Partition Merge                  ;
; Total registers                    ; N/A until Partition Merge                  ;
; Total pins                         ; N/A until Partition Merge                  ;
; Total virtual pins                 ; N/A until Partition Merge                  ;
; Total memory bits                  ; N/A until Partition Merge                  ;
; Embedded Multiplier 9-bit elements ; N/A until Partition Merge                  ;
; Total PLLs                         ; N/A until Partition Merge                  ;
+------------------------------------+--------------------------------------------+


Parallel compilation was disabled, but you have multiple processors available. Enable parallel compilation to reduce compilation time.
+-------------------------------------+
; Parallel Compilation                ;
+----------------------------+--------+
; Processors                 ; Number ;
+----------------------------+--------+
; Number detected on machine ; 8      ;
; Maximum allowed            ; 1      ;
+----------------------------+--------+


+----------------------------------------------------------------------------------------------------------------------+
; Analysis & Elaboration Settings                                                                                      ;
+----------------------------------------------------------------------------+--------------------+--------------------+
; Option                                                                     ; Setting            ; Default Value      ;
+----------------------------------------------------------------------------+--------------------+--------------------+
; Device                                                                     ; EP3C16F484C6       ;                    ;
; Top-level entity name                                                      ; control            ; finalProject       ;
; Family name                                                                ; Cyclone III        ; Cyclone IV GX      ;
; Use smart compilation                                                      ; Off                ; Off                ;
; Enable parallel Assembler and TimeQuest Timing Analyzer during compilation ; On                 ; On                 ;
; Enable compact report table                                                ; Off                ; Off                ;
; Restructure Multiplexers                                                   ; Auto               ; Auto               ;
; Create Debugging Nodes for IP Cores                                        ; Off                ; Off                ;
; Preserve fewer node names                                                  ; On                 ; On                 ;
; Disable OpenCore Plus hardware evaluation                                  ; Off                ; Off                ;
; Verilog Version                                                            ; Verilog_2001       ; Verilog_2001       ;
; VHDL Version                                                               ; VHDL_1993          ; VHDL_1993          ;
; State Machine Processing                                                   ; Auto               ; Auto               ;
; Safe State Machine                                                         ; Off                ; Off                ;
; Extract Verilog State Machines                                             ; On                 ; On                 ;
; Extract VHDL State Machines                                                ; On                 ; On                 ;
; Ignore Verilog initial constructs                                          ; Off                ; Off                ;
; Iteration limit for constant Verilog loops                                 ; 5000               ; 5000               ;
; Iteration limit for non-constant Verilog loops                             ; 250                ; 250                ;
; Add Pass-Through Logic to Inferred RAMs                                    ; On                 ; On                 ;
; Infer RAMs from Raw Logic                                                  ; On                 ; On                 ;
; Parallel Synthesis                                                         ; On                 ; On                 ;
; DSP Block Balancing                                                        ; Auto               ; Auto               ;
; NOT Gate Push-Back                                                         ; On                 ; On                 ;
; Power-Up Don't Care                                                        ; On                 ; On                 ;
; Remove Redundant Logic Cells                                               ; Off                ; Off                ;
; Remove Duplicate Registers                                                 ; On                 ; On                 ;
; Ignore CARRY Buffers                                                       ; Off                ; Off                ;
; Ignore CASCADE Buffers                                                     ; Off                ; Off                ;
; Ignore GLOBAL Buffers                                                      ; Off                ; Off                ;
; Ignore ROW GLOBAL Buffers                                                  ; Off                ; Off                ;
; Ignore LCELL Buffers                                                       ; Off                ; Off                ;
; Ignore SOFT Buffers                                                        ; On                 ; On                 ;
; Limit AHDL Integers to 32 Bits                                             ; Off                ; Off                ;
; Optimization Technique                                                     ; Balanced           ; Balanced           ;
; Carry Chain Length                                                         ; 70                 ; 70                 ;
; Auto Carry Chains                                                          ; On                 ; On                 ;
; Auto Open-Drain Pins                                                       ; On                 ; On                 ;
; Perform WYSIWYG Primitive Resynthesis                                      ; Off                ; Off                ;
; Auto ROM Replacement                                                       ; On                 ; On                 ;
; Auto RAM Replacement                                                       ; On                 ; On                 ;
; Auto DSP Block Replacement                                                 ; On                 ; On                 ;
; Auto Shift Register Replacement                                            ; Auto               ; Auto               ;
; Allow Shift Register Merging across Hierarchies                            ; Auto               ; Auto               ;
; Auto Clock Enable Replacement                                              ; On                 ; On                 ;
; Strict RAM Replacement                                                     ; Off                ; Off                ;
; Allow Synchronous Control Signals                                          ; On                 ; On                 ;
; Force Use of Synchronous Clear Signals                                     ; Off                ; Off                ;
; Auto RAM Block Balancing                                                   ; On                 ; On                 ;
; Auto RAM to Logic Cell Conversion                                          ; Off                ; Off                ;
; Auto Resource Sharing                                                      ; Off                ; Off                ;
; Allow Any RAM Size For Recognition                                         ; Off                ; Off                ;
; Allow Any ROM Size For Recognition                                         ; Off                ; Off                ;
; Allow Any Shift Register Size For Recognition                              ; Off                ; Off                ;
; Use LogicLock Constraints during Resource Balancing                        ; On                 ; On                 ;
; Ignore translate_off and synthesis_off directives                          ; Off                ; Off                ;
; Timing-Driven Synthesis                                                    ; On                 ; On                 ;
; Report Parameter Settings                                                  ; On                 ; On                 ;
; Report Source Assignments                                                  ; On                 ; On                 ;
; Report Connectivity Checks                                                 ; On                 ; On                 ;
; Ignore Maximum Fan-Out Assignments                                         ; Off                ; Off                ;
; Synchronization Register Chain Length                                      ; 2                  ; 2                  ;
; PowerPlay Power Optimization                                               ; Normal compilation ; Normal compilation ;
; HDL message level                                                          ; Level2             ; Level2             ;
; Suppress Register Optimization Related Messages                            ; Off                ; Off                ;
; Number of Removed Registers Reported in Synthesis Report                   ; 5000               ; 5000               ;
; Number of Swept Nodes Reported in Synthesis Report                         ; 5000               ; 5000               ;
; Number of Inverted Registers Reported in Synthesis Report                  ; 100                ; 100                ;
; Clock MUX Protection                                                       ; On                 ; On                 ;
; Auto Gated Clock Conversion                                                ; Off                ; Off                ;
; Block Design Naming                                                        ; Auto               ; Auto               ;
; SDC constraint protection                                                  ; Off                ; Off                ;
; Synthesis Effort                                                           ; Auto               ; Auto               ;
; Shift Register Replacement - Allow Asynchronous Clear Signal               ; On                 ; On                 ;
; Pre-Mapping Resynthesis Optimization                                       ; Off                ; Off                ;
; Analysis & Synthesis Message Level                                         ; Medium             ; Medium             ;
; Disable Register Merging Across Hierarchies                                ; Auto               ; Auto               ;
; Resource Aware Inference For Block RAM                                     ; On                 ; On                 ;
; Synthesis Seed                                                             ; 1                  ; 1                  ;
+----------------------------------------------------------------------------+--------------------+--------------------+


+---------------------------------+
; Analysis & Elaboration Messages ;
+---------------------------------+
Info: *******************************************************************
Info: Running Quartus II 64-Bit Analysis & Elaboration
    Info: Version 13.1.0 Build 162 10/23/2013 SJ Web Edition
    Info: Processing started: Fri Jan 07 15:12:51 2022
Info: Command: quartus_map --read_settings_files=on --write_settings_files=off finalProject -c finalProject --analysis_and_elaboration
Warning (20028): Parallel compilation is not licensed and has been disabled
Info (12021): Found 1 design units, including 1 entities, in source file /altera/13.1/xorgate_testbench.v
    Info (12023): Found entity 1: xorgate_testbench
Info (12021): Found 1 design units, including 1 entities, in source file /altera/13.1/xor_gate.v
    Info (12023): Found entity 1: xor_gate
Info (12021): Found 1 design units, including 1 entities, in source file /altera/13.1/xor_32_bit_testbench.v
    Info (12023): Found entity 1: xor_32_bit_testbench
Info (12021): Found 1 design units, including 1 entities, in source file /altera/13.1/xor_32_bit.v
    Info (12023): Found entity 1: xor_32_bit
Info (12021): Found 1 design units, including 1 entities, in source file /altera/13.1/set_less_than_32_testbench.v
    Info (12023): Found entity 1: set_less_than_32_testbench
Info (12021): Found 1 design units, including 1 entities, in source file /altera/13.1/set_less_than_32.v
    Info (12023): Found entity 1: set_less_than_32
Info (12021): Found 1 design units, including 1 entities, in source file /altera/13.1/or_32_bit_testbench.v
    Info (12023): Found entity 1: or_32_bit_testbench
Info (12021): Found 1 design units, including 1 entities, in source file /altera/13.1/or_32_bit.v
    Info (12023): Found entity 1: or_32_bit
Info (12021): Found 1 design units, including 1 entities, in source file /altera/13.1/not_32_bit_testbench.v
    Info (12023): Found entity 1: not_32_bit_testbench
Info (12021): Found 1 design units, including 1 entities, in source file /altera/13.1/not_32_bit.v
    Info (12023): Found entity 1: not_32_bit
Info (12021): Found 1 design units, including 1 entities, in source file /altera/13.1/nor_32_bit_testbench.v
    Info (12023): Found entity 1: nor_32_bit_testbench
Info (12021): Found 1 design units, including 1 entities, in source file /altera/13.1/nor_32_bit.v
    Info (12023): Found entity 1: nor_32_bit
Info (12021): Found 1 design units, including 1 entities, in source file /altera/13.1/mux_8x1_testbench.v
    Info (12023): Found entity 1: mux_8x1_testbench
Info (12021): Found 1 design units, including 1 entities, in source file /altera/13.1/mux_8x1_32bit_testbench.v
    Info (12023): Found entity 1: mux_8x1_32bit_testbench
Info (12021): Found 1 design units, including 1 entities, in source file /altera/13.1/mux_8x1_32bit.v
    Info (12023): Found entity 1: mux_8x1_32bit
Info (12021): Found 1 design units, including 1 entities, in source file /altera/13.1/mux_8x1.v
    Info (12023): Found entity 1: mux_8x1
Info (12021): Found 1 design units, including 1 entities, in source file /altera/13.1/mux_4x1_testbench.v
    Info (12023): Found entity 1: mux_4x1_testbench
Info (12021): Found 1 design units, including 1 entities, in source file /altera/13.1/mux_4x1.v
    Info (12023): Found entity 1: mux_4x1
Info (12021): Found 1 design units, including 1 entities, in source file /altera/13.1/mux_2x1_testbench.v
    Info (12023): Found entity 1: mux_2x1_testbench
Info (12021): Found 1 design units, including 1 entities, in source file /altera/13.1/mux_2x1.v
    Info (12023): Found entity 1: mux_2x1
Info (12021): Found 1 design units, including 1 entities, in source file /altera/13.1/and_32_bit_testbench.v
    Info (12023): Found entity 1: and_32_bit_testbench
Info (12021): Found 1 design units, including 1 entities, in source file /altera/13.1/and_32_bit.v
    Info (12023): Found entity 1: and_32_bit
Info (12021): Found 1 design units, including 1 entities, in source file /altera/13.1/alu32_testbench.v
    Info (12023): Found entity 1: alu32_testbench
Info (12021): Found 1 design units, including 1 entities, in source file /altera/13.1/alu32.v
    Info (12023): Found entity 1: alu32
Info (12021): Found 1 design units, including 1 entities, in source file /altera/13.1/adder_32_bit_testbench.v
    Info (12023): Found entity 1: adder_32_bit_testbench
Info (12021): Found 1 design units, including 1 entities, in source file /altera/13.1/adder_32_bit.v
    Info (12023): Found entity 1: adder_32_bit
Info (12021): Found 1 design units, including 1 entities, in source file /altera/13.1/adder_1_bit_testbench.v
    Info (12023): Found entity 1: adder_1_bit_testbench
Info (12021): Found 1 design units, including 1 entities, in source file /altera/13.1/adder_1_bit.v
    Info (12023): Found entity 1: adder_1_bit
Info (12021): Found 1 design units, including 1 entities, in source file mips_registers.v
    Info (12023): Found entity 1: mips_registers
Info (12021): Found 1 design units, including 1 entities, in source file mux_2x1_32bit.v
    Info (12023): Found entity 1: mux_2x1_32bit
Info (12021): Found 1 design units, including 1 entities, in source file and_4bit.v
    Info (12023): Found entity 1: and_4bit
Info (12021): Found 1 design units, including 1 entities, in source file control.v
    Info (12023): Found entity 1: control
Info (12021): Found 1 design units, including 1 entities, in source file alucontrol.v
    Info (12023): Found entity 1: AluControl
Info (12021): Found 1 design units, including 1 entities, in source file and_3bit.v
    Info (12023): Found entity 1: and_3bit
Info (12021): Found 1 design units, including 1 entities, in source file and_6bit.v
    Info (12023): Found entity 1: and_6bit
Info (12021): Found 1 design units, including 1 entities, in source file and_5bit.v
    Info (12023): Found entity 1: and_5bit
Info (12021): Found 1 design units, including 1 entities, in source file sign_extend.v
    Info (12023): Found entity 1: sign_extend
Info (12021): Found 1 design units, including 1 entities, in source file instructions.v
    Info (12023): Found entity 1: instructions
Info (12021): Found 1 design units, including 1 entities, in source file programcounter.v
    Info (12023): Found entity 1: ProgramCounter
Info (12021): Found 1 design units, including 1 entities, in source file mips_16bit.v
    Info (12023): Found entity 1: mips_16bit
Info (12021): Found 1 design units, including 1 entities, in source file mux_2x1_3bit.v
    Info (12023): Found entity 1: mux_2x1_3bit
Info (12021): Found 1 design units, including 1 entities, in source file datamemory.v
    Info (12023): Found entity 1: DataMemory
Info (12021): Found 1 design units, including 1 entities, in source file datamemorytestbench.v
    Info (12023): Found entity 1: DataMemoryTestBench
Info (12021): Found 1 design units, including 1 entities, in source file mips_registers_testbench.v
    Info (12023): Found entity 1: mips_registers_testbench
Warning (10274): Verilog HDL macro warning at instruction_memory_testbench.v(2): overriding existing definition for macro "DELAY2", which was defined in "DataMemoryTestBench.v", line 2
Info (12021): Found 1 design units, including 1 entities, in source file instruction_memory_testbench.v
    Info (12023): Found entity 1: instruction_memory_testbench
Info (12021): Found 1 design units, including 1 entities, in source file mips_16bit_testbench.v
    Info (12023): Found entity 1: mips_16bit_testbench
Info (12021): Found 1 design units, including 1 entities, in source file programcountertestbench.v
    Info (12023): Found entity 1: ProgramCounterTestBench
Info (12021): Found 1 design units, including 1 entities, in source file control_testbench.v
    Info (12023): Found entity 1: control_testbench
Info (12021): Found 1 design units, including 1 entities, in source file alucontrltestbench.v
    Info (12023): Found entity 1: AluControlTestBench
Info (12127): Elaborating entity "control" for the top level hierarchy
Info (12128): Elaborating entity "and_4bit" for hierarchy "and_4bit:AND_4_1"
Info (144001): Generated suppressed messages file C:/altera/13.1/Final/output_files/finalProject.map.smsg
Info: Quartus II 64-Bit Analysis & Elaboration was successful. 0 errors, 2 warnings
    Info: Peak virtual memory: 4598 megabytes
    Info: Processing ended: Fri Jan 07 15:12:52 2022
    Info: Elapsed time: 00:00:01
    Info: Total CPU time (on all processors): 00:00:01


+--------------------------------------------+
; Analysis & Elaboration Suppressed Messages ;
+--------------------------------------------+
The suppressed messages can be found in C:/altera/13.1/Final/output_files/finalProject.map.smsg.


